{"C:\\Users\\user\\Desktop\\microverse\\jest-practice\\stringlen.js": {"path":"C:\\Users\\user\\Desktop\\microverse\\jest-practice\\stringlen.js","statementMap":{"0":{"start":{"line":2,"column":21},"end":{"line":9,"column":1}},"1":{"start":{"line":3,"column":16},"end":{"line":3,"column":29}},"2":{"start":{"line":4,"column":4},"end":{"line":6,"column":5}},"3":{"start":{"line":5,"column":8},"end":{"line":5,"column":19}},"4":{"start":{"line":8,"column":4},"end":{"line":8,"column":62}},"5":{"start":{"line":14,"column":22},"end":{"line":20,"column":1}},"6":{"start":{"line":15,"column":25},"end":{"line":15,"column":27}},"7":{"start":{"line":16,"column":4},"end":{"line":18,"column":5}},"8":{"start":{"line":16,"column":17},"end":{"line":16,"column":34}},"9":{"start":{"line":17,"column":8},"end":{"line":17,"column":36}},"10":{"start":{"line":19,"column":4},"end":{"line":19,"column":26}},"11":{"start":{"line":24,"column":25},"end":{"line":26,"column":1}},"12":{"start":{"line":25,"column":4},"end":{"line":25,"column":60}},"13":{"start":{"line":30,"column":19},"end":{"line":35,"column":1}},"14":{"start":{"line":31,"column":19},"end":{"line":31,"column":24}},"15":{"start":{"line":32,"column":24},"end":{"line":32,"column":29}},"16":{"start":{"line":33,"column":22},"end":{"line":33,"column":27}},"17":{"start":{"line":34,"column":24},"end":{"line":34,"column":29}},"18":{"start":{"line":41,"column":0},"end":{"line":41,"column":79}}},"fnMap":{"0":{"name":"(anonymous_0)","decl":{"start":{"line":2,"column":21},"end":{"line":2,"column":22}},"loc":{"start":{"line":2,"column":33},"end":{"line":9,"column":1}},"line":2},"1":{"name":"(anonymous_1)","decl":{"start":{"line":14,"column":22},"end":{"line":14,"column":23}},"loc":{"start":{"line":14,"column":34},"end":{"line":20,"column":1}},"line":14},"2":{"name":"(anonymous_2)","decl":{"start":{"line":24,"column":25},"end":{"line":24,"column":26}},"loc":{"start":{"line":24,"column":37},"end":{"line":26,"column":1}},"line":24},"3":{"name":"(anonymous_3)","decl":{"start":{"line":31,"column":9},"end":{"line":31,"column":10}},"loc":{"start":{"line":31,"column":19},"end":{"line":31,"column":24}},"line":31},"4":{"name":"(anonymous_4)","decl":{"start":{"line":32,"column":14},"end":{"line":32,"column":15}},"loc":{"start":{"line":32,"column":24},"end":{"line":32,"column":29}},"line":32},"5":{"name":"(anonymous_5)","decl":{"start":{"line":33,"column":12},"end":{"line":33,"column":13}},"loc":{"start":{"line":33,"column":22},"end":{"line":33,"column":27}},"line":33},"6":{"name":"(anonymous_6)","decl":{"start":{"line":34,"column":14},"end":{"line":34,"column":15}},"loc":{"start":{"line":34,"column":24},"end":{"line":34,"column":29}},"line":34}},"branchMap":{"0":{"loc":{"start":{"line":4,"column":4},"end":{"line":6,"column":5}},"type":"if","locations":[{"start":{"line":4,"column":4},"end":{"line":6,"column":5}},{"start":{},"end":{}}],"line":4},"1":{"loc":{"start":{"line":4,"column":8},"end":{"line":4,"column":27}},"type":"binary-expr","locations":[{"start":{"line":4,"column":8},"end":{"line":4,"column":15}},{"start":{"line":4,"column":19},"end":{"line":4,"column":27}}],"line":4}},"s":{"0":1,"1":1,"2":1,"3":1,"4":0,"5":1,"6":2,"7":2,"8":2,"9":10,"10":2,"11":1,"12":2,"13":1,"14":1,"15":1,"16":1,"17":1,"18":1},"f":{"0":1,"1":2,"2":2,"3":1,"4":1,"5":1,"6":1},"b":{"0":[1,0],"1":[1,1]},"_coverageSchema":"1a1c01bbd47fc00a2c39e90264f33305004495a9","hash":"ff1ba9ced05a9cb8b1a2fc102d4097771de6e638"}
}
